<?xml version="1.0" encoding="UTF-8"?>
<testsuite xmlns:xsi="http://www.w3.org/2001/XMLSchema-instance" xsi:noNamespaceSchemaLocation="https://maven.apache.org/surefire/maven-surefire-plugin/xsd/surefire-test-report-3.0.xsd" version="3.0" name="com.example.firstAPI.FirstApiApplicationTests" time="1.472" tests="1" errors="0" skipped="0" failures="0">
  <properties>
[...]
</properties>
  <testcase name="contextLoads" classname="com.example.firstAPI.FirstApiApplicationTests" time="0.543">
    <system-out><![CDATA[02:01:54.198 [main] INFO org.springframework.test.context.support.AnnotationConfigContextLoaderUtils -- Could not detect default configuration classes for test class [com.example.firstAPI.FirstApiApplicationTests]: FirstApiApplicationTests does not declare any static, non-private, non-final, nested classes annotated with @Configuration.
02:01:54.253 [main] INFO org.springframework.boot.test.context.SpringBootTestContextBootstrapper -- Found @SpringBootConfiguration com.example.firstAPI.FirstApiApplication for test class com.example.firstAPI.FirstApiApplicationTests

  .   ____          _            __ _ _
 /\\ / ___'_ __ _ _(_)_ __  __ _ \ \ \ \
( ( )\___ | '_ | '_| | '_ \/ _` | \ \ \ \
 \\/  ___)| |_)| | | | | || (_| |  ) ) ) )
  '  |____| .__|_| |_|_| |_\__, | / / / /
 =========|_|==============|___/=/_/_/_/

 :: Spring Boot ::                (v3.3.4)

2024-09-26T02:01:54.508-07:00  INFO 70796 --- [firstAPI] [           main] c.e.firstAPI.FirstApiApplicationTests    : Starting FirstApiApplicationTests using Java 22.0.2 with PID 70796 (started by spartan in /Users/spartan/Documents/Projects/react-springboot-demo/firstAPI)
2024-09-26T02:01:54.509-07:00  INFO 70796 --- [firstAPI] [           main] c.e.firstAPI.FirstApiApplicationTests    : No active profile set, falling back to 1 default profile: "default"
2024-09-26T02:01:55.027-07:00  INFO 70796 --- [firstAPI] [           main] c.e.firstAPI.FirstApiApplicationTests    : Started FirstApiApplicationTests in 0.716 seconds (process running for 1.301)
]]></system-out>
    <system-err><![CDATA[WARNING: A Java agent has been loaded dynamically (/Users/spartan/.m2/repository/net/bytebuddy/byte-buddy-agent/1.14.19/byte-buddy-agent-1.14.19.jar)
WARNING: If a serviceability tool is in use, please run with -XX:+EnableDynamicAgentLoading to hide this warning
WARNING: If a serviceability tool is not in use, please run with -Djdk.instrument.traceUsage for more information
WARNING: Dynamic loading of agents will be disallowed by default in a future release
]]></system-err>
  </testcase>
</testsuite>